<?xml version="1.0" encoding="UTF-8"?>
<!-- Generated by org.testng.reporters.JUnitReportReporter -->
<testsuite hostname="DESKTOP-RL1QUG5" failures="0" tests="1" name="cloudsyCreatesAffaire.SearchAffaireTest" time="0.005" errors="0" timestamp="2024-04-19T13:31:04 GMT+01:00" skipped="1">
  <testcase classname="cloudsyCreatesAffaire.SearchAffaireTest" name="testSearchAffaire" time="0.005">
    <skipped/>
  </testcase> <!-- testSearchAffaire -->
</testsuite> <!-- cloudsyCreatesAffaire.SearchAffaireTest -->
