<?xml version="1.0" encoding="UTF-8"?>
<!-- Generated by org.testng.reporters.JUnitReportReporter -->
<testsuite hostname="DESKTOP-RL1QUG5" failures="0" tests="4" name="cloudsyCreatesAffaire.testNG" time="26.847" errors="0" timestamp="2024-04-18T15:45:45 GMT+01:00" skipped="0">
  <testcase classname="cloudsyCreatesAffaire.testNG" name="testOpenCloudsys" time="4.334"/>
  <testcase classname="cloudsyCreatesAffaire.testNG" name="testCreateAffaire" time="12.930"/>
  <testcase classname="cloudsyCreatesAffaire.testNG" name="testSearchAffaire" time="1.607"/>
  <testcase classname="cloudsyCreatesAffaire.testNG" name="testOpenCommerciale" time="7.976"/>
</testsuite> <!-- cloudsyCreatesAffaire.testNG -->
