<?xml version="1.0" encoding="UTF-8"?>
<!-- Generated by org.testng.reporters.JUnitReportReporter -->
<testsuite hostname="DESKTOP-RL1QUG5" failures="0" tests="4" name="cloudsyCreatesAffaire.testNG" time="30.502" errors="0" timestamp="2024-04-22T12:00:33 GMT+01:00" skipped="0">
  <testcase classname="cloudsyCreatesAffaire.testNG" name="testSearchAffaire" time="3.385"/>
  <testcase classname="cloudsyCreatesAffaire.testNG" name="testOpenCommerciale" time="1.557"/>
  <testcase classname="cloudsyCreatesAffaire.testNG" name="testCreateAffaire" time="17.830"/>
  <testcase classname="cloudsyCreatesAffaire.testNG" name="testOpenCloudsys" time="7.730"/>
</testsuite> <!-- cloudsyCreatesAffaire.testNG -->
