<?xml version="1.0" encoding="UTF-8"?>
<!-- Generated by org.testng.reporters.JUnitReportReporter -->
<testsuite hostname="DESKTOP-RL1QUG5" failures="0" tests="4" name="cloudsyCreatesAffaire.testNG" time="23.985" errors="0" timestamp="2024-04-22T09:56:47 GMT+01:00" skipped="0">
  <testcase classname="cloudsyCreatesAffaire.testNG" name="testSearchAffaire" time="1.567"/>
  <testcase classname="cloudsyCreatesAffaire.testNG" name="testCreateAffaire" time="12.673"/>
  <testcase classname="cloudsyCreatesAffaire.testNG" name="testOpenCloudsys" time="5.663"/>
  <testcase classname="cloudsyCreatesAffaire.testNG" name="testOpenCommerciale" time="4.082"/>
</testsuite> <!-- cloudsyCreatesAffaire.testNG -->
