<?xml version="1.0" encoding="UTF-8"?>
<!-- Generated by org.testng.reporters.JUnitReportReporter -->
<testsuite hostname="DESKTOP-RL1QUG5" failures="0" tests="4" name="cloudsyCreatesAffaire.testNG" time="28.524" errors="0" timestamp="2024-04-18T15:03:49 GMT+01:00" skipped="0">
  <testcase classname="cloudsyCreatesAffaire.testNG" name="testOpenCloudsys" time="9.925"/>
  <testcase classname="cloudsyCreatesAffaire.testNG" name="testOpenCommerciale" time="1.901"/>
  <testcase classname="cloudsyCreatesAffaire.testNG" name="testSearchAffaire" time="1.630"/>
  <testcase classname="cloudsyCreatesAffaire.testNG" name="testCreateAffaire" time="15.068"/>
</testsuite> <!-- cloudsyCreatesAffaire.testNG -->
