<?xml version="1.0" encoding="UTF-8"?>
<!-- Generated by org.testng.reporters.JUnitReportReporter -->
<testsuite hostname="DESKTOP-RL1QUG5" failures="0" tests="4" name="cloudsyCreatesAffaire.testNG" time="29.923" errors="0" timestamp="2024-04-22T13:21:07 GMT+01:00" skipped="0">
  <testcase classname="cloudsyCreatesAffaire.testNG" name="testCreateAffaire" time="14.730"/>
  <testcase classname="cloudsyCreatesAffaire.testNG" name="testSearchAffaire" time="2.165"/>
  <testcase classname="cloudsyCreatesAffaire.testNG" name="testOpenCloudsys" time="10.539"/>
  <testcase classname="cloudsyCreatesAffaire.testNG" name="testOpenCommerciale" time="2.489"/>
</testsuite> <!-- cloudsyCreatesAffaire.testNG -->
