<?xml version="1.0" encoding="UTF-8"?>
<!-- Generated by org.testng.reporters.JUnitReportReporter -->
<testsuite hostname="DESKTOP-RL1QUG5" failures="0" tests="4" name="cloudsyCreatesAffaire.testNG" time="41.243" errors="0" timestamp="2024-04-19T16:03:49 GMT+01:00" skipped="0">
  <testcase classname="cloudsyCreatesAffaire.testNG" name="testOpenCommerciale" time="5.845"/>
  <testcase classname="cloudsyCreatesAffaire.testNG" name="testOpenCloudsys" time="10.806"/>
  <testcase classname="cloudsyCreatesAffaire.testNG" name="testCreateAffaire" time="22.423"/>
  <testcase classname="cloudsyCreatesAffaire.testNG" name="testSearchAffaire" time="2.169"/>
</testsuite> <!-- cloudsyCreatesAffaire.testNG -->
