<?xml version="1.0" encoding="UTF-8"?>
<!-- Generated by org.testng.reporters.JUnitReportReporter -->
<testsuite hostname="DESKTOP-RL1QUG5" failures="0" tests="1" name="cloudsyCreatesAffaire.CreateAffaireTest" time="0.000" errors="0" timestamp="2024-04-19T13:31:04 GMT+01:00" skipped="1">
  <testcase classname="cloudsyCreatesAffaire.CreateAffaireTest" name="testCreateAffaire" time="0.000">
    <skipped/>
  </testcase> <!-- testCreateAffaire -->
</testsuite> <!-- cloudsyCreatesAffaire.CreateAffaireTest -->
