<?xml version="1.0" encoding="UTF-8"?>
<!-- Generated by org.testng.reporters.JUnitReportReporter -->
<testsuite hostname="DESKTOP-RL1QUG5" failures="0" tests="4" name="cloudsyCreatesAffaire.testNG" time="35.490" errors="0" timestamp="2024-04-23T10:23:20 GMT+01:00" skipped="0">
  <testcase classname="cloudsyCreatesAffaire.testNG" name="testCreateAffaire" time="20.979"/>
  <testcase classname="cloudsyCreatesAffaire.testNG" name="testOpenCloudsys" time="5.786"/>
  <testcase classname="cloudsyCreatesAffaire.testNG" name="testSearchAffaire" time="5.363"/>
  <testcase classname="cloudsyCreatesAffaire.testNG" name="testOpenCommerciale" time="3.362"/>
</testsuite> <!-- cloudsyCreatesAffaire.testNG -->
