<?xml version="1.0" encoding="UTF-8"?>
<!-- Generated by org.testng.reporters.JUnitReportReporter -->
<testsuite hostname="DESKTOP-RL1QUG5" failures="0" tests="1" name="cloudsyCreatesAffaire.OpenCloudsysTest" time="7.405" errors="0" timestamp="2024-04-19T13:41:01 GMT+01:00" skipped="0">
  <testcase classname="cloudsyCreatesAffaire.OpenCloudsysTest" name="testOpenCloudsys" time="7.405"/>
</testsuite> <!-- cloudsyCreatesAffaire.OpenCloudsysTest -->
