<?xml version="1.0" encoding="UTF-8"?>
<!-- Generated by org.testng.reporters.JUnitReportReporter -->
<testsuite hostname="DESKTOP-RL1QUG5" failures="0" tests="4" name="cloudsyCreatesAffaire.testNG" time="27.550" errors="0" timestamp="2024-04-22T11:28:07 GMT+01:00" skipped="0">
  <testcase classname="cloudsyCreatesAffaire.testNG" name="testOpenCommerciale" time="1.939"/>
  <testcase classname="cloudsyCreatesAffaire.testNG" name="testCreateAffaire" time="15.119"/>
  <testcase classname="cloudsyCreatesAffaire.testNG" name="testSearchAffaire" time="3.571"/>
  <testcase classname="cloudsyCreatesAffaire.testNG" name="testOpenCloudsys" time="6.921"/>
</testsuite> <!-- cloudsyCreatesAffaire.testNG -->
