<?xml version="1.0" encoding="UTF-8"?>
<!-- Generated by org.testng.reporters.JUnitReportReporter -->
<testsuite hostname="DESKTOP-RL1QUG5" failures="0" tests="4" name="cloudsyCreatesAffaire.testNG" time="28.574" errors="0" timestamp="2024-04-22T13:56:23 GMT+01:00" skipped="0">
  <testcase classname="cloudsyCreatesAffaire.testNG" name="testSearchAffaire" time="2.769"/>
  <testcase classname="cloudsyCreatesAffaire.testNG" name="testOpenCommerciale" time="3.821"/>
  <testcase classname="cloudsyCreatesAffaire.testNG" name="testCreateAffaire" time="14.976"/>
  <testcase classname="cloudsyCreatesAffaire.testNG" name="testOpenCloudsys" time="7.008"/>
</testsuite> <!-- cloudsyCreatesAffaire.testNG -->
